<?xml version="1.0" encoding="UTF-8"?>
<testsuite name="hello.itemservice.validation.MessageCodesResolverTest" tests="1" skipped="0" failures="0" errors="0" timestamp="2024-08-19T08:23:09" hostname="DESKTOP-VRJVUQG" time="0.585">
  <properties/>
  <testcase name="messageCodesResolverObject()" classname="hello.itemservice.validation.MessageCodesResolverTest" time="0.585"/>
  <system-out><![CDATA[17:23:07.685 [Test worker] INFO org.springframework.test.context.support.AnnotationConfigContextLoaderUtils -- Could not detect default configuration classes for test class [hello.itemservice.validation.MessageCodesResolverTest]: MessageCodesResolverTest does not declare any static, non-private, non-final, nested classes annotated with @Configuration.
17:23:07.760 [Test worker] INFO org.springframework.boot.test.context.SpringBootTestContextBootstrapper -- Found @SpringBootConfiguration hello.itemservice.ItemServiceApplication for test class hello.itemservice.validation.MessageCodesResolverTest

  .   ____          _            __ _ _
 /\\ / ___'_ __ _ _(_)_ __  __ _ \ \ \ \
( ( )\___ | '_ | '_| | '_ \/ _` | \ \ \ \
 \\/  ___)| |_)| | | | | || (_| |  ) ) ) )
  '  |____| .__|_| |_|_| |_\__, | / / / /
 =========|_|==============|___/=/_/_/_/

 :: Spring Boot ::                (v3.3.2)

2024-08-19T17:23:08.151+09:00  INFO 9168 --- [    Test worker] h.i.validation.MessageCodesResolverTest  : Starting MessageCodesResolverTest using Java 21.0.3 with PID 9168 (started by User in C:\Users\User\Desktop\인프런 자료\spring MVC 2\validation)
2024-08-19T17:23:08.152+09:00  INFO 9168 --- [    Test worker] h.i.validation.MessageCodesResolverTest  : No active profile set, falling back to 1 default profile: "default"
2024-08-19T17:23:08.839+09:00  INFO 9168 --- [    Test worker] o.s.b.a.w.s.WelcomePageHandlerMapping    : Adding welcome page: class path resource [static/index.html]
2024-08-19T17:23:09.047+09:00  INFO 9168 --- [    Test worker] h.i.validation.MessageCodesResolverTest  : Started MessageCodesResolverTest in 1.065 seconds (process running for 2.005)
messageCode = required.item
messageCode = required
]]></system-out>
  <system-err><![CDATA[WARNING: A Java agent has been loaded dynamically (C:\Users\User\.gradle\caches\modules-2\files-2.1\net.bytebuddy\byte-buddy-agent\1.14.18\417558ea01fe9f0e8a94af28b9469d281c4e3984\byte-buddy-agent-1.14.18.jar)
WARNING: If a serviceability tool is in use, please run with -XX:+EnableDynamicAgentLoading to hide this warning
WARNING: If a serviceability tool is not in use, please run with -Djdk.instrument.traceUsage for more information
WARNING: Dynamic loading of agents will be disallowed by default in a future release
]]></system-err>
</testsuite>
